-------------------------------------------------------------------------------
Test set: zinxs.wiki.AlphaApplicationTests
-------------------------------------------------------------------------------
Tests run: 1, Failures: 0, Errors: 1, Skipped: 0, Time elapsed: 3.927 s <<< FAILURE! - in zinxs.wiki.AlphaApplicationTests
contextLoads  Time elapsed: 0.011 s  <<< ERROR!
java.lang.IllegalStateException: Failed to load ApplicationContext
Caused by: org.springframework.beans.factory.BeanCreationException: Error creating bean with name 'entityManagerFactory' defined in class path resource [org/springframework/boot/autoconfigure/orm/jpa/HibernateJpaConfiguration.class]: Invocation of init method failed; nested exception is org.hibernate.DuplicateMappingException: The [zinxs.wiki.admin.projectmanager.project.phase.task.Message] and [zinxs.wiki.admin.projectmanager.project.phase.task.message.Message] entities share the same JPA entity name: [Message] which is not allowed!
Caused by: org.hibernate.DuplicateMappingException: The [zinxs.wiki.admin.projectmanager.project.phase.task.Message] and [zinxs.wiki.admin.projectmanager.project.phase.task.message.Message] entities share the same JPA entity name: [Message] which is not allowed!

